<?xml version="1.0" encoding="UTF-8"?>
<!-- Generated by org.testng.reporters.JUnitXMLReporter -->
<testsuite ignored="3" hostname="DESKTOP-BNERN3A" failures="0" tests="3" name="dynamic test execution" time="12.38" errors="0" timestamp="2024-05-22T22:34:00 AEST">
  <testcase classname="seleniummavenproj.TestCases" name="fourthtest" time="4.164"/>
  <testcase classname="seleniummavenproj.TestCases" name="fifthtest" time="3.111"/>
  <testcase classname="seleniummavenproj.TestCases" name="sixthtest" time="5.062"/>
  <testcase classname="seleniummavenproj.TestCases" name="firsttest" time="0.0">
    <ignored/>
  </testcase> <!-- firsttest -->
  <testcase classname="seleniummavenproj.TestCases" name="thirdtest" time="0.0">
    <ignored/>
  </testcase> <!-- thirdtest -->
  <testcase classname="seleniummavenproj.TestCases" name="secondtest" time="0.0">
    <ignored/>
  </testcase> <!-- secondtest -->
</testsuite> <!-- dynamic test execution -->
